<?xml version="1.0" encoding="UTF-8"?>
<testng-results ignored="1" total="4" passed="3" failed="0" skipped="0">
  <reporter-output>
  </reporter-output>
  <suite started-at="2024-01-24T01:27:28Z" name="AutomationSuite" finished-at="2024-01-24T01:27:28Z" duration-ms="158">
    <groups>
    </groups>
    <test started-at="2024-01-24T01:27:28Z" name="AutomationTest" finished-at="2024-01-24T01:27:28Z" duration-ms="158">
      <class name="testng.TNG_001">
        <test-method is-config="true" signature="beforeSuite()[pri:0, instance:testng.TNG_001@140c9f39]" started-at="2024-01-24T01:27:28Z" name="beforeSuite" finished-at="2024-01-24T01:27:28Z" duration-ms="63" status="PASS">
          <reporter-output>
          </reporter-output>
        </test-method> <!-- beforeSuite -->
        <test-method is-config="true" signature="beforeTest()[pri:0, instance:testng.TNG_001@140c9f39]" started-at="2024-01-24T01:27:28Z" name="beforeTest" finished-at="2024-01-24T01:27:28Z" duration-ms="1" status="PASS">
          <reporter-output>
          </reporter-output>
        </test-method> <!-- beforeTest -->
        <test-method is-config="true" signature="beforeClass()[pri:0, instance:testng.TNG_001@140c9f39]" started-at="2024-01-24T01:27:28Z" name="beforeClass" finished-at="2024-01-24T01:27:28Z" duration-ms="1" status="PASS">
          <reporter-output>
          </reporter-output>
        </test-method> <!-- beforeClass -->
        <test-method is-config="true" signature="beforeMethod()[pri:0, instance:testng.TNG_001@140c9f39]" started-at="2024-01-24T01:27:28Z" name="beforeMethod" finished-at="2024-01-24T01:27:28Z" duration-ms="2" status="PASS">
          <reporter-output>
          </reporter-output>
        </test-method> <!-- beforeMethod -->
        <test-method signature="f()[pri:1, instance:testng.TNG_001@140c9f39]" started-at="2024-01-24T01:27:28Z" name="f" finished-at="2024-01-24T01:27:28Z" duration-ms="5" status="PASS">
          <reporter-output>
          </reporter-output>
        </test-method> <!-- f -->
        <test-method is-config="true" signature="afterMethod()[pri:0, instance:testng.TNG_001@140c9f39]" started-at="2024-01-24T01:27:28Z" name="afterMethod" finished-at="2024-01-24T01:27:28Z" duration-ms="4" status="PASS">
          <reporter-output>
          </reporter-output>
        </test-method> <!-- afterMethod -->
        <test-method signature="z()[pri:3, instance:testng.TNG_001@140c9f39]" started-at="2024-01-24T01:27:28Z" name="z" finished-at="2024-01-24T01:27:28Z" duration-ms="4" status="PASS">
          <reporter-output>
          </reporter-output>
        </test-method> <!-- z -->
        <test-method is-config="true" signature="beforeMethod()[pri:0, instance:testng.TNG_001@140c9f39]" started-at="2024-01-24T01:27:28Z" name="beforeMethod" finished-at="2024-01-24T01:27:28Z" duration-ms="0" status="PASS">
          <reporter-output>
          </reporter-output>
        </test-method> <!-- beforeMethod -->
        <test-method is-config="true" signature="afterMethod()[pri:0, instance:testng.TNG_001@140c9f39]" started-at="2024-01-24T01:27:28Z" name="afterMethod" finished-at="2024-01-24T01:27:28Z" duration-ms="3" status="PASS">
          <reporter-output>
          </reporter-output>
        </test-method> <!-- afterMethod -->
        <test-method is-config="true" signature="afterClass()[pri:0, instance:testng.TNG_001@140c9f39]" started-at="2024-01-24T01:27:28Z" name="afterClass" finished-at="2024-01-24T01:27:28Z" duration-ms="1" status="PASS">
          <reporter-output>
          </reporter-output>
        </test-method> <!-- afterClass -->
        <test-method is-config="true" signature="afterTest()[pri:0, instance:testng.TNG_001@140c9f39]" started-at="2024-01-24T01:27:28Z" name="afterTest" finished-at="2024-01-24T01:27:28Z" duration-ms="3" status="PASS">
          <reporter-output>
          </reporter-output>
        </test-method> <!-- afterTest -->
        <test-method is-config="true" signature="afterSuite()[pri:0, instance:testng.TNG_001@140c9f39]" started-at="2024-01-24T01:27:29Z" name="afterSuite" finished-at="2024-01-24T01:27:29Z" duration-ms="1" status="PASS">
          <reporter-output>
          </reporter-output>
        </test-method> <!-- afterSuite -->
      </class> <!-- testng.TNG_001 -->
      <class name="testng.NewTest">
        <test-method signature="f()[pri:0, instance:testng.NewTest@4d910fd6]" started-at="2024-01-24T01:27:28Z" name="f" finished-at="2024-01-24T01:27:28Z" duration-ms="26" status="PASS">
          <reporter-output>
          </reporter-output>
        </test-method> <!-- f -->
      </class> <!-- testng.NewTest -->
    </test> <!-- AutomationTest -->
  </suite> <!-- AutomationSuite -->
</testng-results>
