<?xml version="1.0" encoding="UTF-8"?>
<testng-results ignored="0" total="6" passed="6" failed="0" skipped="0">
  <reporter-output>
  </reporter-output>
  <suite started-at="2024-02-09T01:18:43Z" name="Default suite" finished-at="2024-02-09T01:18:43Z" duration-ms="225">
    <groups>
    </groups>
    <test started-at="2024-02-09T01:18:43Z" name="Default test" finished-at="2024-02-09T01:18:43Z" duration-ms="225">
      <class name="testng.TestUser">
        <test-method signature="createUser(java.lang.String, java.lang.String, int, java.lang.String)[pri:0, instance:testng.TestUser@2e1d27ba]" started-at="2024-02-09T01:18:43Z" name="createUser" data-provider="getData" finished-at="2024-02-09T01:18:43Z" duration-ms="37" status="PASS">
          <params>
            <param index="0">
              <value>
                <![CDATA[chrome]]>
              </value>
            </param>
            <param index="1">
              <value>
                <![CDATA[Admin]]>
              </value>
            </param>
            <param index="2">
              <value>
                <![CDATA[12345]]>
              </value>
            </param>
            <param index="3">
              <value>
                <![CDATA[email1@domain.com]]>
              </value>
            </param>
          </params>
          <reporter-output>
          </reporter-output>
        </test-method> <!-- createUser -->
        <test-method signature="createUser(java.lang.String, java.lang.String, int, java.lang.String)[pri:0, instance:testng.TestUser@2e1d27ba]" started-at="2024-02-09T01:18:43Z" name="createUser" data-provider="getData" finished-at="2024-02-09T01:18:43Z" duration-ms="10" status="PASS">
          <params>
            <param index="0">
              <value>
                <![CDATA[mozilla]]>
              </value>
            </param>
            <param index="1">
              <value>
                <![CDATA[SuperAdmin]]>
              </value>
            </param>
            <param index="2">
              <value>
                <![CDATA[11111]]>
              </value>
            </param>
            <param index="3">
              <value>
                <![CDATA[eamil2@domain.com]]>
              </value>
            </param>
          </params>
          <reporter-output>
          </reporter-output>
        </test-method> <!-- createUser -->
        <test-method signature="createUser(java.lang.String, java.lang.String, int, java.lang.String)[pri:0, instance:testng.TestUser@2e1d27ba]" started-at="2024-02-09T01:18:43Z" name="createUser" data-provider="getData" finished-at="2024-02-09T01:18:43Z" duration-ms="5" status="PASS">
          <params>
            <param index="0">
              <value>
                <![CDATA[IE]]>
              </value>
            </param>
            <param index="1">
              <value>
                <![CDATA[User]]>
              </value>
            </param>
            <param index="2">
              <value>
                <![CDATA[99999]]>
              </value>
            </param>
            <param index="3">
              <value>
                <![CDATA[email3@domain.com]]>
              </value>
            </param>
          </params>
          <reporter-output>
          </reporter-output>
        </test-method> <!-- createUser -->
        <test-method signature="deleteUser(java.lang.String, java.lang.String, int, java.lang.String)[pri:0, instance:testng.TestUser@2e1d27ba]" started-at="2024-02-09T01:18:43Z" name="deleteUser" data-provider="getData" finished-at="2024-02-09T01:18:43Z" duration-ms="2" status="PASS">
          <params>
            <param index="0">
              <value>
                <![CDATA[chrome]]>
              </value>
            </param>
            <param index="1">
              <value>
                <![CDATA[Admin]]>
              </value>
            </param>
            <param index="2">
              <value>
                <![CDATA[12345]]>
              </value>
            </param>
            <param index="3">
              <value>
                <![CDATA[email1@domain.com]]>
              </value>
            </param>
          </params>
          <reporter-output>
          </reporter-output>
        </test-method> <!-- deleteUser -->
        <test-method signature="deleteUser(java.lang.String, java.lang.String, int, java.lang.String)[pri:0, instance:testng.TestUser@2e1d27ba]" started-at="2024-02-09T01:18:43Z" name="deleteUser" data-provider="getData" finished-at="2024-02-09T01:18:43Z" duration-ms="5" status="PASS">
          <params>
            <param index="0">
              <value>
                <![CDATA[mozilla]]>
              </value>
            </param>
            <param index="1">
              <value>
                <![CDATA[SuperAdmin]]>
              </value>
            </param>
            <param index="2">
              <value>
                <![CDATA[11111]]>
              </value>
            </param>
            <param index="3">
              <value>
                <![CDATA[eamil2@domain.com]]>
              </value>
            </param>
          </params>
          <reporter-output>
          </reporter-output>
        </test-method> <!-- deleteUser -->
        <test-method signature="deleteUser(java.lang.String, java.lang.String, int, java.lang.String)[pri:0, instance:testng.TestUser@2e1d27ba]" started-at="2024-02-09T01:18:43Z" name="deleteUser" data-provider="getData" finished-at="2024-02-09T01:18:43Z" duration-ms="3" status="PASS">
          <params>
            <param index="0">
              <value>
                <![CDATA[IE]]>
              </value>
            </param>
            <param index="1">
              <value>
                <![CDATA[User]]>
              </value>
            </param>
            <param index="2">
              <value>
                <![CDATA[99999]]>
              </value>
            </param>
            <param index="3">
              <value>
                <![CDATA[email3@domain.com]]>
              </value>
            </param>
          </params>
          <reporter-output>
          </reporter-output>
        </test-method> <!-- deleteUser -->
      </class> <!-- testng.TestUser -->
    </test> <!-- Default test -->
  </suite> <!-- Default suite -->
</testng-results>
