<?xml version="1.0" encoding="UTF-8"?>
<!-- Generated by org.testng.reporters.JUnitXMLReporter -->
<testsuite ignored="3" hostname="DESKTOP-JCJ8HOK" failures="0" tests="1" name="Test" time="31.209" errors="0" timestamp="26 Jan 2024 01:38:20 GMT">
  <testcase classname="testng.TNG_002" name="amazon" time="9.038"/>
  <testcase classname="testng.LinksTesting1" name="linktesting1" time="0.0">
    <ignored/>
  </testcase> <!-- linktesting1 -->
  <testcase classname="testng.CheckBox1" name="checkboxTest" time="0.0">
    <ignored/>
  </testcase> <!-- checkboxTest -->
  <testcase classname="testng.RadioButton1" name="radioButtonTest" time="0.0">
    <ignored/>
  </testcase> <!-- radioButtonTest -->
</testsuite> <!-- Test -->
