<?xml version="1.0" encoding="UTF-8"?>
<!-- Generated by org.testng.reporters.JUnitXMLReporter -->
<testsuite ignored="0" hostname="DESKTOP-JCJ8HOK" failures="0" tests="6" name="Default test" time="0.225" errors="0" timestamp="09 Feb 2024 01:18:44 GMT">
  <testcase classname="testng.TestUser" name="createUser" time="0.037"/>
  <testcase classname="testng.TestUser" name="createUser" time="0.01"/>
  <testcase classname="testng.TestUser" name="createUser" time="0.005"/>
  <testcase classname="testng.TestUser" name="deleteUser" time="0.002"/>
  <testcase classname="testng.TestUser" name="deleteUser" time="0.005"/>
  <testcase classname="testng.TestUser" name="deleteUser" time="0.003"/>
</testsuite> <!-- Default test -->
