<?xml version="1.0" encoding="UTF-8"?>
<!-- Generated by org.testng.reporters.JUnitXMLReporter -->
<testsuite ignored="1" hostname="DESKTOP-JCJ8HOK" failures="0" tests="2" name="Default test" time="0.195" errors="0" timestamp="24 Jan 2024 01:10:56 GMT">
  <testcase classname="testng.TNG_001" name="f" time="0.036"/>
  <testcase classname="testng.TNG_001" name="z" time="0.004"/>
  <testcase classname="testng.TNG_001" name="a" time="0.0">
    <ignored/>
  </testcase> <!-- a -->
</testsuite> <!-- Default test -->
